<?xml version="1.0" encoding="UTF-8"?>
<testng-results skipped="0" failed="1" ignored="1" total="7" passed="5">
  <reporter-output>
  </reporter-output>
  <suite name="Command line suite" duration-ms="35904" started-at="2020-04-11T11:22:34Z" finished-at="2020-04-11T11:23:10Z">
    <groups>
    </groups>
    <test name="Command line test" duration-ms="35904" started-at="2020-04-11T11:22:34Z" finished-at="2020-04-11T11:23:10Z">
      <class name="com.qa.Hubspot.tests.LoginPageTest">
        <test-method status="FAIL" signature="verifyLoginPageTitleTest()[pri:1, instance:com.qa.Hubspot.tests.LoginPageTest@60f82f98]" name="verifyLoginPageTitleTest" duration-ms="8343" started-at="2020-04-11T11:22:58Z" finished-at="2020-04-11T11:23:06Z">
          <exception class="java.lang.AssertionError">
            <message>
              <![CDATA[expected [Reports dashboard] but found [HubSpot Login]]]>
            </message>
            <full-stacktrace>
              <![CDATA[java.lang.AssertionError: expected [Reports dashboard] but found [HubSpot Login]
at org.testng.Assert.fail(Assert.java:96)
at org.testng.Assert.failNotEquals(Assert.java:776)
at org.testng.Assert.assertEqualsImpl(Assert.java:137)
at org.testng.Assert.assertEquals(Assert.java:118)
at org.testng.Assert.assertEquals(Assert.java:453)
at org.testng.Assert.assertEquals(Assert.java:463)
at com.qa.Hubspot.tests.LoginPageTest.verifyLoginPageTitleTest(LoginPageTest.java:49)
at sun.reflect.NativeMethodAccessorImpl.invoke0(Native Method)
at sun.reflect.NativeMethodAccessorImpl.invoke(NativeMethodAccessorImpl.java:62)
at sun.reflect.DelegatingMethodAccessorImpl.invoke(DelegatingMethodAccessorImpl.java:43)
at java.lang.reflect.Method.invoke(Method.java:498)
at org.testng.internal.MethodInvocationHelper.invokeMethod(MethodInvocationHelper.java:124)
at org.testng.internal.Invoker.invokeMethod(Invoker.java:583)
at org.testng.internal.Invoker.invokeTestMethod(Invoker.java:719)
at org.testng.internal.Invoker.invokeTestMethods(Invoker.java:989)
at org.testng.internal.TestMethodWorker.invokeTestMethods(TestMethodWorker.java:125)
at org.testng.internal.TestMethodWorker.run(TestMethodWorker.java:109)
at org.testng.TestRunner.privateRun(TestRunner.java:648)
at org.testng.TestRunner.run(TestRunner.java:505)
at org.testng.SuiteRunner.runTest(SuiteRunner.java:455)
at org.testng.SuiteRunner.runSequentially(SuiteRunner.java:450)
at org.testng.SuiteRunner.privateRun(SuiteRunner.java:415)
at org.testng.SuiteRunner.run(SuiteRunner.java:364)
at org.testng.SuiteRunnerWorker.runSuite(SuiteRunnerWorker.java:52)
at org.testng.SuiteRunnerWorker.run(SuiteRunnerWorker.java:84)
at org.testng.TestNG.runSuitesSequentially(TestNG.java:1208)
at org.testng.TestNG.runSuitesLocally(TestNG.java:1137)
at org.testng.TestNG.runSuites(TestNG.java:1049)
at org.testng.TestNG.run(TestNG.java:1017)
at org.apache.maven.surefire.testng.TestNGExecutor.run(TestNGExecutor.java:77)
at org.apache.maven.surefire.testng.TestNGDirectoryTestSuite.executeMulti(TestNGDirectoryTestSuite.java:159)
at org.apache.maven.surefire.testng.TestNGDirectoryTestSuite.execute(TestNGDirectoryTestSuite.java:99)
at org.apache.maven.surefire.testng.TestNGProvider.invoke(TestNGProvider.java:106)
at sun.reflect.NativeMethodAccessorImpl.invoke0(Native Method)
at sun.reflect.NativeMethodAccessorImpl.invoke(NativeMethodAccessorImpl.java:62)
at sun.reflect.DelegatingMethodAccessorImpl.invoke(DelegatingMethodAccessorImpl.java:43)
at java.lang.reflect.Method.invoke(Method.java:498)
at org.apache.maven.surefire.util.ReflectionUtils.invokeMethodWithArray(ReflectionUtils.java:189)
at org.apache.maven.surefire.booter.ProviderFactory$ProviderProxy.invoke(ProviderFactory.java:165)
at org.apache.maven.surefire.booter.ProviderFactory.invokeProvider(ProviderFactory.java:85)
at org.apache.maven.surefire.booter.ForkedBooter.runSuitesInProcess(ForkedBooter.java:115)
at org.apache.maven.surefire.booter.ForkedBooter.main(ForkedBooter.java:75)
]]>
            </full-stacktrace>
          </exception> <!-- java.lang.AssertionError -->
          <reporter-output>
          </reporter-output>
        </test-method> <!-- verifyLoginPageTitleTest -->
        <test-method status="PASS" signature="verifySignUpLinkTest()[pri:2, instance:com.qa.Hubspot.tests.LoginPageTest@60f82f98]" name="verifySignUpLinkTest" duration-ms="655" started-at="2020-04-11T11:23:07Z" finished-at="2020-04-11T11:23:08Z">
          <reporter-output>
          </reporter-output>
        </test-method> <!-- verifySignUpLinkTest -->
        <test-method status="PASS" signature="loginTest()[pri:3, instance:com.qa.Hubspot.tests.LoginPageTest@60f82f98]" name="loginTest" duration-ms="2321" started-at="2020-04-11T11:23:08Z" finished-at="2020-04-11T11:23:10Z">
          <reporter-output>
          </reporter-output>
        </test-method> <!-- loginTest -->
      </class> <!-- com.qa.Hubspot.tests.LoginPageTest -->
      <class name="com.qa.Hubspot.tests.HomePageTest">
        <test-method status="PASS" signature="setUP()[pri:0, instance:com.qa.Hubspot.tests.HomePageTest@6442b0a6]" name="setUP" is-config="true" duration-ms="21022" started-at="2020-04-11T11:22:34Z" finished-at="2020-04-11T11:22:55Z">
          <reporter-output>
          </reporter-output>
        </test-method> <!-- setUP -->
        <test-method status="PASS" signature="setUP()[pri:0, instance:com.qa.Hubspot.tests.LoginPageTest@60f82f98]" name="setUP" is-config="true" duration-ms="2628" started-at="2020-04-11T11:22:55Z" finished-at="2020-04-11T11:22:58Z">
          <reporter-output>
          </reporter-output>
        </test-method> <!-- setUP -->
        <test-method status="PASS" signature="verifyHomePgageTitleTest()[pri:1, instance:com.qa.Hubspot.tests.HomePageTest@6442b0a6]" name="verifyHomePgageTitleTest" duration-ms="17" started-at="2020-04-11T11:22:58Z" finished-at="2020-04-11T11:22:58Z">
          <reporter-output>
          </reporter-output>
        </test-method> <!-- verifyHomePgageTitleTest -->
        <test-method status="PASS" signature="verifyHomePageHeaderTest()[pri:2, instance:com.qa.Hubspot.tests.HomePageTest@6442b0a6]" name="verifyHomePageHeaderTest" duration-ms="614" started-at="2020-04-11T11:23:06Z" finished-at="2020-04-11T11:23:07Z">
          <reporter-output>
          </reporter-output>
        </test-method> <!-- verifyHomePageHeaderTest -->
        <test-method status="PASS" signature="getUserNameTest()[pri:3, instance:com.qa.Hubspot.tests.HomePageTest@6442b0a6]" name="getUserNameTest" duration-ms="93" started-at="2020-04-11T11:23:08Z" finished-at="2020-04-11T11:23:08Z">
          <reporter-output>
          </reporter-output>
        </test-method> <!-- getUserNameTest -->
        <test-method status="PASS" signature="tearDown()[pri:0, instance:com.qa.Hubspot.tests.HomePageTest@6442b0a6]" name="tearDown" is-config="true" duration-ms="104" started-at="2020-04-11T11:23:10Z" finished-at="2020-04-11T11:23:10Z">
          <reporter-output>
          </reporter-output>
        </test-method> <!-- tearDown -->
        <test-method status="PASS" signature="tearDown()[pri:0, instance:com.qa.Hubspot.tests.LoginPageTest@60f82f98]" name="tearDown" is-config="true" duration-ms="90" started-at="2020-04-11T11:23:10Z" finished-at="2020-04-11T11:23:10Z">
          <reporter-output>
          </reporter-output>
        </test-method> <!-- tearDown -->
      </class> <!-- com.qa.Hubspot.tests.HomePageTest -->
    </test> <!-- Command line test -->
  </suite> <!-- Command line suite -->
</testng-results>
